<?xml version="1.0" encoding="UTF-8"?>
<!-- Generated by org.testng.reporters.JUnitReportReporter -->
<testsuite skipped="0" hostname="lsegvic" name="test.Test1NG" tests="1" failures="0" timestamp="27 velj 2019 13:02:46 GMT" time="1.112" errors="0">
  <testcase name="googleSearch" time="1.112" classname="test.Test1NG"/>
</testsuite> <!-- test.Test1NG -->
