<?xml version="1.0" encoding="UTF-8"?>
<!-- Generated by org.testng.reporters.JUnitReportReporter -->
<testsuite skipped="0" hostname="lsegvic" name="test.RetryFailed" tests="2" failures="0" timestamp="28 velj 2019 14:00:59 GMT" time="0.023" errors="0">
  <testcase name="test2" time="0.007" classname="test.RetryFailed"/>
  <testcase name="test1" time="0.016" classname="test.RetryFailed"/>
</testsuite> <!-- test.RetryFailed -->
