<?xml version="1.0" encoding="UTF-8"?>
<!-- Generated by org.testng.reporters.JUnitReportReporter -->
<testsuite skipped="0" hostname="lsegvic" name="test.TestKatalon" tests="1" failures="0" timestamp="28 velj 2019 14:44:04 GMT" time="2.239" errors="0">
  <testcase name="testAsds" time="2.239" classname="test.TestKatalon"/>
</testsuite> <!-- test.TestKatalon -->
