<?xml version="1.0" encoding="UTF-8"?>
<!-- Generated by org.testng.reporters.JUnitReportReporter -->
<testsuite skipped="0" hostname="lsegvic" name="test.Test1NG2" tests="1" failures="0" timestamp="27 velj 2019 08:10:33 GMT" time="1.302" errors="0">
  <testcase name="googleSearch2" time="1.302" classname="test.Test1NG2"/>
</testsuite> <!-- test.Test1NG2 -->
