<?xml version="1.0" encoding="UTF-8"?>
<!-- Generated by org.testng.reporters.JUnitReportReporter -->
<testsuite skipped="1" hostname="lsegvic" name="listeners.TestNGListenerDemo2" tests="1" failures="0" timestamp="28 velj 2019 13:19:26 GMT" time="0.024" errors="0">
  <testcase name="test6" time="0.024" classname="listeners.TestNGListenerDemo2">
    <skipped/>
  </testcase> <!-- test6 -->
</testsuite> <!-- listeners.TestNGListenerDemo2 -->
